mode: set
github.com/wisp167/Shop/internal/cmd/main.go:8.13,10.2 1 0
github.com/wisp167/Shop/internal/data/models.go:16.35,20.2 1 0
github.com/wisp167/Shop/internal/data/shop.go:37.71,44.16 5 0
github.com/wisp167/Shop/internal/data/shop.go:44.16,45.36 1 0
github.com/wisp167/Shop/internal/data/shop.go:45.36,47.4 1 0
github.com/wisp167/Shop/internal/data/shop.go:48.3,48.18 1 0
github.com/wisp167/Shop/internal/data/shop.go:50.2,50.19 1 0
github.com/wisp167/Shop/internal/data/shop.go:53.81,58.16 4 0
github.com/wisp167/Shop/internal/data/shop.go:58.16,60.3 1 0
github.com/wisp167/Shop/internal/data/shop.go:61.2,62.22 2 0
github.com/wisp167/Shop/internal/data/shop.go:65.83,75.16 3 0
github.com/wisp167/Shop/internal/data/shop.go:75.16,77.3 1 0
github.com/wisp167/Shop/internal/data/shop.go:78.2,84.18 5 0
github.com/wisp167/Shop/internal/data/shop.go:84.18,92.87 6 0
github.com/wisp167/Shop/internal/data/shop.go:92.87,94.4 1 0
github.com/wisp167/Shop/internal/data/shop.go:97.3,97.15 1 0
github.com/wisp167/Shop/internal/data/shop.go:97.15,99.4 1 0
github.com/wisp167/Shop/internal/data/shop.go:101.3,112.17 3 0
github.com/wisp167/Shop/internal/data/shop.go:112.17,114.4 1 0
github.com/wisp167/Shop/internal/data/shop.go:117.2,117.35 1 0
github.com/wisp167/Shop/internal/data/shop.go:117.35,119.3 1 0
github.com/wisp167/Shop/internal/data/shop.go:122.2,122.14 1 0
github.com/wisp167/Shop/internal/data/shop.go:122.14,124.17 2 0
github.com/wisp167/Shop/internal/data/shop.go:124.17,126.4 1 0
github.com/wisp167/Shop/internal/data/shop.go:129.2,129.37 1 0
github.com/wisp167/Shop/internal/data/shop.go:132.63,136.16 4 0
github.com/wisp167/Shop/internal/data/shop.go:136.16,138.3 1 0
github.com/wisp167/Shop/internal/data/shop.go:139.2,139.21 1 0
github.com/wisp167/Shop/internal/data/shop.go:142.85,146.2 3 0
github.com/wisp167/Shop/internal/data/shop.go:148.87,152.2 3 0
github.com/wisp167/Shop/internal/data/shop.go:154.103,161.2 3 0
github.com/wisp167/Shop/internal/data/shop.go:163.64,167.16 4 0
github.com/wisp167/Shop/internal/data/shop.go:167.16,169.3 1 0
github.com/wisp167/Shop/internal/data/shop.go:170.2,170.19 1 0
github.com/wisp167/Shop/internal/data/shop.go:173.99,177.2 3 0
github.com/wisp167/Shop/internal/data/shop.go:179.82,186.2 3 0
github.com/wisp167/Shop/internal/data/shop.go:188.51,192.16 3 0
github.com/wisp167/Shop/internal/data/shop.go:192.16,194.3 1 0
github.com/wisp167/Shop/internal/data/shop.go:195.2,199.18 3 0
github.com/wisp167/Shop/internal/data/shop.go:199.18,202.17 3 0
github.com/wisp167/Shop/internal/data/shop.go:202.17,204.4 1 0
github.com/wisp167/Shop/internal/data/shop.go:205.3,205.27 1 0
github.com/wisp167/Shop/internal/data/shop.go:208.2,208.35 1 0
github.com/wisp167/Shop/internal/data/shop.go:208.35,210.3 1 0
github.com/wisp167/Shop/internal/data/shop.go:212.2,212.19 1 0
github.com/wisp167/Shop/internal/data/shop.go:215.80,219.16 4 0
github.com/wisp167/Shop/internal/data/shop.go:219.16,221.3 1 0
github.com/wisp167/Shop/internal/data/shop.go:222.2,222.20 1 0
github.com/wisp167/Shop/internal/data/shop.go:225.62,232.16 5 0
github.com/wisp167/Shop/internal/data/shop.go:232.16,233.36 1 0
github.com/wisp167/Shop/internal/data/shop.go:233.36,235.4 1 0
github.com/wisp167/Shop/internal/data/shop.go:236.3,236.18 1 0
github.com/wisp167/Shop/internal/data/shop.go:238.2,238.19 1 0
github.com/wisp167/Shop/internal/data/shop.go:241.67,248.16 5 0
github.com/wisp167/Shop/internal/data/shop.go:248.16,249.36 1 0
github.com/wisp167/Shop/internal/data/shop.go:249.36,251.4 1 0
github.com/wisp167/Shop/internal/data/shop.go:252.3,252.18 1 0
github.com/wisp167/Shop/internal/data/shop.go:254.2,254.19 1 0
github.com/wisp167/Shop/internal/data/shop.go:257.62,264.16 5 0
github.com/wisp167/Shop/internal/data/shop.go:264.16,265.36 1 0
github.com/wisp167/Shop/internal/data/shop.go:265.36,267.4 1 0
github.com/wisp167/Shop/internal/data/shop.go:268.3,268.18 1 0
github.com/wisp167/Shop/internal/data/shop.go:270.2,270.19 1 0
github.com/wisp167/Shop/internal/data/shop.go:273.77,274.23 1 0
github.com/wisp167/Shop/internal/data/shop.go:274.23,276.3 1 0
github.com/wisp167/Shop/internal/data/shop.go:278.2,280.29 3 0
github.com/wisp167/Shop/internal/data/shop.go:280.29,282.3 1 0
github.com/wisp167/Shop/internal/data/shop.go:284.2,285.16 2 0
github.com/wisp167/Shop/internal/data/shop.go:285.16,287.3 1 0
github.com/wisp167/Shop/internal/data/shop.go:288.2,291.18 3 0
github.com/wisp167/Shop/internal/data/shop.go:291.18,293.61 2 0
github.com/wisp167/Shop/internal/data/shop.go:293.61,295.4 1 0
github.com/wisp167/Shop/internal/data/shop.go:296.3,296.25 1 0
github.com/wisp167/Shop/internal/data/shop.go:299.2,299.35 1 0
github.com/wisp167/Shop/internal/data/shop.go:299.35,301.3 1 0
github.com/wisp167/Shop/internal/data/shop.go:303.2,303.19 1 0
github.com/wisp167/Shop/internal/data/shop.go:312.11,327.16 3 0
github.com/wisp167/Shop/internal/data/shop.go:327.16,329.3 1 0
github.com/wisp167/Shop/internal/data/shop.go:330.2,340.18 3 0
github.com/wisp167/Shop/internal/data/shop.go:340.18,348.98 2 0
github.com/wisp167/Shop/internal/data/shop.go:348.98,350.4 1 0
github.com/wisp167/Shop/internal/data/shop.go:353.3,354.23 2 0
github.com/wisp167/Shop/internal/data/shop.go:354.23,356.4 1 0
github.com/wisp167/Shop/internal/data/shop.go:358.3,359.21 2 0
github.com/wisp167/Shop/internal/data/shop.go:359.21,361.4 1 0
github.com/wisp167/Shop/internal/data/shop.go:363.3,375.5 1 0
github.com/wisp167/Shop/internal/data/shop.go:378.2,378.35 1 0
github.com/wisp167/Shop/internal/data/shop.go:378.35,380.3 1 0
github.com/wisp167/Shop/internal/data/shop.go:382.2,382.26 1 0
github.com/wisp167/Shop/internal/server/auth.go:28.80,29.87 1 0
github.com/wisp167/Shop/internal/server/auth.go:29.87,31.23 2 0
github.com/wisp167/Shop/internal/server/auth.go:31.23,34.4 2 0
github.com/wisp167/Shop/internal/server/auth.go:36.3,37.24 2 0
github.com/wisp167/Shop/internal/server/auth.go:37.24,40.4 2 0
github.com/wisp167/Shop/internal/server/auth.go:42.3,43.102 2 0
github.com/wisp167/Shop/internal/server/auth.go:43.102,45.4 1 0
github.com/wisp167/Shop/internal/server/auth.go:47.3,47.33 1 0
github.com/wisp167/Shop/internal/server/auth.go:47.33,50.4 2 0
github.com/wisp167/Shop/internal/server/auth.go:53.3,57.17 3 0
github.com/wisp167/Shop/internal/server/auth.go:61.77,63.15 2 0
github.com/wisp167/Shop/internal/server/auth.go:63.15,65.3 1 0
github.com/wisp167/Shop/internal/server/auth.go:66.2,66.43 1 0
github.com/wisp167/Shop/internal/server/auth.go:70.98,72.49 2 0
github.com/wisp167/Shop/internal/server/auth.go:72.49,76.3 3 0
github.com/wisp167/Shop/internal/server/auth.go:79.2,80.17 2 0
github.com/wisp167/Shop/internal/server/auth.go:80.17,81.17 1 0
github.com/wisp167/Shop/internal/server/auth.go:81.17,84.4 2 0
github.com/wisp167/Shop/internal/server/auth.go:85.3,86.17 2 0
github.com/wisp167/Shop/internal/server/auth.go:86.17,89.4 2 0
github.com/wisp167/Shop/internal/server/auth.go:90.3,90.31 1 0
github.com/wisp167/Shop/internal/server/auth.go:92.2,92.35 1 0
github.com/wisp167/Shop/internal/server/auth.go:92.35,95.3 2 0
github.com/wisp167/Shop/internal/server/auth.go:98.2,108.16 5 0
github.com/wisp167/Shop/internal/server/auth.go:108.16,111.3 2 0
github.com/wisp167/Shop/internal/server/auth.go:114.2,115.48 2 0
github.com/wisp167/Shop/internal/server/errors.go:10.62,12.9 2 0
github.com/wisp167/Shop/internal/server/errors.go:12.9,15.3 2 0
github.com/wisp167/Shop/internal/server/errors.go:16.2,17.10 2 0
github.com/wisp167/Shop/internal/server/errors.go:17.10,20.3 2 0
github.com/wisp167/Shop/internal/server/errors.go:23.2,28.81 5 0
github.com/wisp167/Shop/internal/server/errors.go:31.104,34.16 3 0
github.com/wisp167/Shop/internal/server/errors.go:34.16,36.3 1 0
github.com/wisp167/Shop/internal/server/errors.go:39.96,44.2 3 0
github.com/wisp167/Shop/internal/server/errors.go:46.82,49.2 2 0
github.com/wisp167/Shop/internal/server/errors.go:51.90,54.2 2 0
github.com/wisp167/Shop/internal/server/errors.go:56.84,59.2 2 0
github.com/wisp167/Shop/internal/server/errors.go:61.116,63.2 1 0
github.com/wisp167/Shop/internal/server/errors.go:65.92,68.2 2 0
github.com/wisp167/Shop/internal/server/healthcheck.go:7.84,16.16 3 0
github.com/wisp167/Shop/internal/server/healthcheck.go:16.16,18.3 1 0
github.com/wisp167/Shop/internal/server/helpers.go:17.89,26.16 6 0
github.com/wisp167/Shop/internal/server/helpers.go:26.16,32.10 5 0
github.com/wisp167/Shop/internal/server/helpers.go:33.37,34.94 1 0
github.com/wisp167/Shop/internal/server/helpers.go:35.44,36.56 1 0
github.com/wisp167/Shop/internal/server/helpers.go:37.44,38.38 1 0
github.com/wisp167/Shop/internal/server/helpers.go:38.38,40.5 1 0
github.com/wisp167/Shop/internal/server/helpers.go:41.4,41.103 1 0
github.com/wisp167/Shop/internal/server/helpers.go:42.62,44.64 2 0
github.com/wisp167/Shop/internal/server/helpers.go:45.31,46.47 1 0
github.com/wisp167/Shop/internal/server/helpers.go:47.39,48.72 1 0
github.com/wisp167/Shop/internal/server/helpers.go:49.47,50.14 1 0
github.com/wisp167/Shop/internal/server/helpers.go:51.11,52.14 1 0
github.com/wisp167/Shop/internal/server/helpers.go:55.2,56.19 2 0
github.com/wisp167/Shop/internal/server/helpers.go:56.19,58.3 1 0
github.com/wisp167/Shop/internal/server/helpers.go:59.2,59.12 1 0
github.com/wisp167/Shop/internal/server/helpers.go:62.107,65.16 2 0
github.com/wisp167/Shop/internal/server/helpers.go:65.16,67.3 1 0
github.com/wisp167/Shop/internal/server/helpers.go:68.2,70.34 2 0
github.com/wisp167/Shop/internal/server/helpers.go:70.34,72.3 1 0
github.com/wisp167/Shop/internal/server/helpers.go:73.2,76.12 4 0
github.com/wisp167/Shop/internal/server/helpers.go:79.69,82.26 3 0
github.com/wisp167/Shop/internal/server/helpers.go:82.26,84.3 1 0
github.com/wisp167/Shop/internal/server/helpers.go:86.2,86.16 1 0
github.com/wisp167/Shop/internal/server/helpers.go:89.55,90.54 1 0
github.com/wisp167/Shop/internal/server/helpers.go:90.54,93.3 2 0
github.com/wisp167/Shop/internal/server/routes.go:9.53,21.2 9 0
github.com/wisp167/Shop/internal/server/server.go:48.20,55.16 5 0
github.com/wisp167/Shop/internal/server/server.go:55.16,57.3 1 0
github.com/wisp167/Shop/internal/server/server.go:58.2,76.12 7 0
github.com/wisp167/Shop/internal/server/server.go:76.12,77.77 1 0
github.com/wisp167/Shop/internal/server/server.go:77.77,79.4 1 0
github.com/wisp167/Shop/internal/server/server.go:82.2,89.41 7 0
github.com/wisp167/Shop/internal/server/server.go:89.41,91.3 1 0
github.com/wisp167/Shop/internal/server/server.go:92.2,92.9 1 0
github.com/wisp167/Shop/internal/server/server.go:93.20,94.39 1 0
github.com/wisp167/Shop/internal/server/server.go:96.2,96.31 1 0
github.com/wisp167/Shop/internal/server/server.go:99.48,108.16 6 0
github.com/wisp167/Shop/internal/server/server.go:108.16,110.3 1 0
github.com/wisp167/Shop/internal/server/server.go:112.2,113.16 2 0
github.com/wisp167/Shop/internal/server/server.go:113.16,115.3 1 0
github.com/wisp167/Shop/internal/server/server.go:116.2,117.16 2 0
github.com/wisp167/Shop/internal/server/server.go:117.16,119.3 1 0
github.com/wisp167/Shop/internal/server/server.go:121.2,149.17 16 0
github.com/wisp167/Shop/internal/server/server.go:152.42,160.16 3 0
github.com/wisp167/Shop/internal/server/server.go:160.16,162.3 1 0
github.com/wisp167/Shop/internal/server/server.go:164.2,168.16 4 0
github.com/wisp167/Shop/internal/server/server.go:168.16,170.3 1 0
github.com/wisp167/Shop/internal/server/server.go:171.2,178.16 5 0
github.com/wisp167/Shop/internal/server/server.go:178.16,180.3 1 0
github.com/wisp167/Shop/internal/server/server.go:181.2,181.16 1 0
github.com/wisp167/Shop/internal/server/shop.go:12.102,14.15 2 0
github.com/wisp167/Shop/internal/server/shop.go:14.15,16.3 1 0
github.com/wisp167/Shop/internal/server/shop.go:17.2,17.29 1 0
github.com/wisp167/Shop/internal/server/shop.go:20.113,22.20 2 0
github.com/wisp167/Shop/internal/server/shop.go:22.20,26.3 3 0
github.com/wisp167/Shop/internal/server/shop.go:27.2,28.9 2 0
github.com/wisp167/Shop/internal/server/shop.go:28.9,31.3 2 0
github.com/wisp167/Shop/internal/server/shop.go:32.2,33.16 2 0
github.com/wisp167/Shop/internal/server/shop.go:33.16,36.3 2 0
github.com/wisp167/Shop/internal/server/shop.go:38.2,38.15 1 0
github.com/wisp167/Shop/internal/server/shop.go:38.15,39.17 1 0
github.com/wisp167/Shop/internal/server/shop.go:39.17,41.4 1 0
github.com/wisp167/Shop/internal/server/shop.go:44.2,45.16 2 0
github.com/wisp167/Shop/internal/server/shop.go:45.16,48.3 2 0
github.com/wisp167/Shop/internal/server/shop.go:49.2,49.17 1 0
github.com/wisp167/Shop/internal/server/shop.go:49.17,53.3 3 0
github.com/wisp167/Shop/internal/server/shop.go:54.2,55.16 2 0
github.com/wisp167/Shop/internal/server/shop.go:55.16,58.3 2 0
github.com/wisp167/Shop/internal/server/shop.go:59.2,59.31 1 0
github.com/wisp167/Shop/internal/server/shop.go:59.31,63.3 3 0
github.com/wisp167/Shop/internal/server/shop.go:64.2,65.16 2 0
github.com/wisp167/Shop/internal/server/shop.go:65.16,69.3 3 0
github.com/wisp167/Shop/internal/server/shop.go:70.2,71.16 2 0
github.com/wisp167/Shop/internal/server/shop.go:71.16,74.3 2 0
github.com/wisp167/Shop/internal/server/shop.go:75.2,76.16 2 0
github.com/wisp167/Shop/internal/server/shop.go:76.16,79.3 2 0
github.com/wisp167/Shop/internal/server/shop.go:80.2,81.12 2 0
github.com/wisp167/Shop/internal/server/shop.go:84.103,86.15 2 0
github.com/wisp167/Shop/internal/server/shop.go:86.15,88.3 1 0
github.com/wisp167/Shop/internal/server/shop.go:89.2,89.47 1 0
github.com/wisp167/Shop/internal/server/shop.go:91.114,98.53 2 0
github.com/wisp167/Shop/internal/server/shop.go:98.53,102.3 3 0
github.com/wisp167/Shop/internal/server/shop.go:105.2,105.51 1 0
github.com/wisp167/Shop/internal/server/shop.go:105.51,109.3 3 0
github.com/wisp167/Shop/internal/server/shop.go:112.2,113.9 2 0
github.com/wisp167/Shop/internal/server/shop.go:113.9,116.3 2 0
github.com/wisp167/Shop/internal/server/shop.go:119.2,120.16 2 0
github.com/wisp167/Shop/internal/server/shop.go:120.16,123.3 2 0
github.com/wisp167/Shop/internal/server/shop.go:124.2,124.15 1 0
github.com/wisp167/Shop/internal/server/shop.go:124.15,125.17 1 0
github.com/wisp167/Shop/internal/server/shop.go:125.17,127.4 1 0
github.com/wisp167/Shop/internal/server/shop.go:131.2,132.16 2 0
github.com/wisp167/Shop/internal/server/shop.go:132.16,135.3 2 0
github.com/wisp167/Shop/internal/server/shop.go:138.2,138.76 1 0
github.com/wisp167/Shop/internal/server/shop.go:138.76,141.3 2 0
github.com/wisp167/Shop/internal/server/shop.go:144.2,144.88 1 0
github.com/wisp167/Shop/internal/server/shop.go:144.88,147.3 2 0
github.com/wisp167/Shop/internal/server/shop.go:150.2,151.16 2 0
github.com/wisp167/Shop/internal/server/shop.go:151.16,154.3 2 0
github.com/wisp167/Shop/internal/server/shop.go:155.2,155.21 1 0
github.com/wisp167/Shop/internal/server/shop.go:155.21,158.3 2 0
github.com/wisp167/Shop/internal/server/shop.go:161.2,161.95 1 0
github.com/wisp167/Shop/internal/server/shop.go:161.95,164.3 2 0
github.com/wisp167/Shop/internal/server/shop.go:167.2,167.102 1 0
github.com/wisp167/Shop/internal/server/shop.go:167.102,170.3 2 0
github.com/wisp167/Shop/internal/server/shop.go:173.2,173.36 1 0
github.com/wisp167/Shop/internal/server/shop.go:173.36,176.3 2 0
github.com/wisp167/Shop/internal/server/shop.go:179.2,180.12 2 0
github.com/wisp167/Shop/internal/server/shop.go:183.102,185.15 2 0
github.com/wisp167/Shop/internal/server/shop.go:185.15,187.3 1 0
github.com/wisp167/Shop/internal/server/shop.go:188.2,188.29 1 0
github.com/wisp167/Shop/internal/server/shop.go:191.113,194.9 2 0
github.com/wisp167/Shop/internal/server/shop.go:194.9,197.3 2 0
github.com/wisp167/Shop/internal/server/shop.go:200.2,201.16 2 0
github.com/wisp167/Shop/internal/server/shop.go:201.16,204.3 2 0
github.com/wisp167/Shop/internal/server/shop.go:207.2,208.16 2 0
github.com/wisp167/Shop/internal/server/shop.go:208.16,211.3 2 0
github.com/wisp167/Shop/internal/server/shop.go:214.2,233.33 2 0
github.com/wisp167/Shop/internal/server/shop.go:233.33,234.27 1 0
github.com/wisp167/Shop/internal/server/shop.go:234.27,243.4 1 0
github.com/wisp167/Shop/internal/server/shop.go:243.9,243.36 1 0
github.com/wisp167/Shop/internal/server/shop.go:243.36,252.4 1 0
github.com/wisp167/Shop/internal/server/shop.go:256.2,257.12 2 0
github.com/wisp167/Shop/internal/validator/validator.go:13.23,15.2 1 0
github.com/wisp167/Shop/internal/validator/validator.go:17.34,19.2 1 0
github.com/wisp167/Shop/internal/validator/validator.go:21.51,22.41 1 0
github.com/wisp167/Shop/internal/validator/validator.go:22.41,24.3 1 0
github.com/wisp167/Shop/internal/validator/validator.go:27.57,28.9 1 0
github.com/wisp167/Shop/internal/validator/validator.go:28.9,30.3 1 0
github.com/wisp167/Shop/internal/validator/validator.go:33.71,34.33 1 0
github.com/wisp167/Shop/internal/validator/validator.go:34.33,35.34 1 0
github.com/wisp167/Shop/internal/validator/validator.go:35.34,37.4 1 0
github.com/wisp167/Shop/internal/validator/validator.go:39.2,39.14 1 0
github.com/wisp167/Shop/internal/validator/validator.go:42.52,44.2 1 0
github.com/wisp167/Shop/internal/validator/validator.go:46.44,49.31 2 0
github.com/wisp167/Shop/internal/validator/validator.go:49.31,51.3 1 0
github.com/wisp167/Shop/internal/validator/validator.go:52.2,52.41 1 0
